Erro anotado no log: received negative value
Erro anotado no log: received negative value
Erro anotado no log: received negative value
Erro anotado no log: received negative value
Erro anotado no log: received negative value
Erro anotado no log: testando erros diferentes
Erro anotado no log: testando erros diferentes
Erro anotado no log: testando erros diferentes
Erro anotado no log: testando erros diferentes
Erro anotado no log: testando erros diferentes
Erro anotado no log: to much higher number
Erro anotado no log: to much higher number
Erro anotado no log: ce ta maluco
Erro anotado no log: to much higher number
Erro anotado no log: to much higher number
Erro anotado no log: to much higher number
Erro anotado no log: to much higher number
Erro anotado no log: ce ta maluco
Erro anotado no log: received negative value
Erro anotado no log: to much higher number
Erro anotado no log: olha esse
Erro anotado no log: olha esse
Erro anotado no log: ce ta maluco
Erro anotado no log: ce ta maluco
Erro anotado no log: received negative value
